<?xml version="1.0" encoding="UTF-8"?>
<!-- Generated by org.testng.reporters.JUnitReportReporter -->
<testsuite hostname="DESKTOP-S5FPP8F" name="unittesting.calculator.CalculatorTestAddSub" tests="2" failures="0" timestamp="15 May 2018 21:11:51 GMT" time="0.074" errors="0">
  <testcase name="testAdd" time="0.051" classname="unittesting.calculator.CalculatorTestAddSub"/>
  <testcase name="testSub" time="0.023" classname="unittesting.calculator.CalculatorTestAddSub"/>
</testsuite> <!-- unittesting.calculator.CalculatorTestAddSub -->
