<?xml version="1.0" encoding="UTF-8"?>
<!-- Generated by org.testng.reporters.JUnitReportReporter -->
<testsuite hostname="novak-ThinkPad-T420" name="Vezbe12.Vezbe12.TestNGDemoTest" tests="1" failures="0" timestamp="8 May 2016 17:16:07 GMT" time="0.019" errors="0">
  <testcase name="testCheck" time="0.019" classname="Vezbe12.Vezbe12.TestNGDemoTest"/>
</testsuite> <!-- Vezbe12.Vezbe12.TestNGDemoTest -->
