<?xml version="1.0" encoding="UTF-8"?>
<!-- Generated by org.testng.reporters.JUnitReportReporter -->
<testsuite hostname="novak-ThinkPad-T420" name="vezbe12.group.TestPostgres" tests="2" failures="0" timestamp="25 May 2016 18:07:16 GMT" time="0.023" errors="0">
  <testcase name="runPSQL" time="0.021" classname="vezbe12.group.TestPostgres"/>
  <testcase name="runPSQL1" time="0.002" classname="vezbe12.group.TestPostgres"/>
</testsuite> <!-- vezbe12.group.TestPostgres -->
