<?xml version="1.0" encoding="UTF-8"?>
<!-- Generated by org.testng.reporters.JUnitReportReporter -->
<testsuite hostname="novak-ThinkPad-T420" name="Vezbe12.Vezbe12.TestNGConfiguration" tests="2" failures="0" timestamp="9 May 2016 13:19:47 GMT" time="0.013" errors="0">
  <testcase name="runTest1" time="0.009" classname="Vezbe12.Vezbe12.TestNGConfiguration"/>
  <testcase name="runTest2" time="0.004" classname="Vezbe12.Vezbe12.TestNGConfiguration"/>
</testsuite> <!-- Vezbe12.Vezbe12.TestNGConfiguration -->
