<?xml version="1.0" encoding="UTF-8"?>
<!-- Generated by org.testng.reporters.JUnitReportReporter -->
<testsuite hostname="Goran-PC" name="unittesting.testng.TestPostgres" tests="2" failures="0" timestamp="30 Jul 2016 12:37:53 GMT" time="0.042" errors="0">
  <testcase name="runPSQL" time="0.035" classname="unittesting.testng.TestPostgres"/>
  <testcase name="runPSQL1" time="0.007" classname="unittesting.testng.TestPostgres"/>
</testsuite> <!-- unittesting.testng.TestPostgres -->
