<?xml version="1.0" encoding="UTF-8"?>
<!-- Generated by org.testng.reporters.JUnitReportReporter -->
<testsuite hostname="tester-VirtualBox" name="unittesting.parcijalni.Zadatak1" tests="7" failures="0" timestamp="9 Mar 2022 15:50:50 GMT" time="0.051" errors="0">
  <testcase name="needCarSeviceIllegalArgumentExceptionTest1" time="0.004" classname="unittesting.parcijalni.Zadatak1"/>
  <testcase name="needCarServiceTest4" time="0.037" classname="unittesting.parcijalni.Zadatak1"/>
  <testcase name="needCarServiceTestNotFound" time="0.005" classname="unittesting.parcijalni.Zadatak1"/>
  <testcase name="needCarSeviceTest2" time="0.000" classname="unittesting.parcijalni.Zadatak1"/>
  <testcase name="needCarSeviceIllegalArgumentExceptionTest2" time="0.001" classname="unittesting.parcijalni.Zadatak1"/>
  <testcase name="needCarSeviceTest1" time="0.002" classname="unittesting.parcijalni.Zadatak1"/>
  <testcase name="needCarSeviceTest3" time="0.002" classname="unittesting.parcijalni.Zadatak1"/>
</testsuite> <!-- unittesting.parcijalni.Zadatak1 -->
