<?xml version="1.0" encoding="UTF-8"?>
<!-- Generated by org.testng.reporters.JUnitReportReporter -->
<testsuite hostname="tester-VirtualBox" name="unittesting.ssluzba.StudentDAOTest" tests="5" failures="0" timestamp="19 Jan 2018 12:59:28 GMT" time="0.042" errors="0">
  <testcase name="testFindByLastName" time="0.009" classname="unittesting.ssluzba.StudentDAOTest"/>
  <testcase name="testFindOne" time="0.002" classname="unittesting.ssluzba.StudentDAOTest"/>
  <testcase name="testSave" time="0.004" classname="unittesting.ssluzba.StudentDAOTest"/>
  <testcase name="testFindAll" time="0.012" classname="unittesting.ssluzba.StudentDAOTest"/>
  <testcase name="testFindByCard" time="0.015" classname="unittesting.ssluzba.StudentDAOTest"/>
</testsuite> <!-- unittesting.ssluzba.StudentDAOTest -->
