<?xml version="1.0" encoding="UTF-8"?>
<!-- Generated by org.testng.reporters.JUnitReportReporter -->
<testsuite hostname="novak-ThinkPad-T420" name="vezbe12.junit.AssertArrays" tests="1" failures="0" timestamp="11 May 2016 14:46:12 GMT" time="0.019" errors="0">
  <testcase name="testGetTheStringArray" time="0.019" classname="vezbe12.junit.AssertArrays"/>
</testsuite> <!-- vezbe12.junit.AssertArrays -->
