<?xml version="1.0" encoding="UTF-8"?>
<!-- Generated by org.testng.reporters.JUnitReportReporter -->
<testsuite hostname="Minas-MacBook-Pro.local" name="unittesting.customer.Zadatak2" tests="2" failures="0" timestamp="17 Jan 2019 17:10:45 GMT" time="0.248" errors="0">
  <testcase name="testFindCustomerFullName" time="0.001" classname="unittesting.customer.Zadatak2"/>
  <testcase name="testCustomerNotPresentInDB" time="0.247" classname="unittesting.customer.Zadatak2"/>
</testsuite> <!-- unittesting.customer.Zadatak2 -->
