<?xml version="1.0" encoding="UTF-8"?>
<!-- Generated by org.testng.reporters.JUnitReportReporter -->
<testsuite hostname="Goran-PC" name="unittesting.testng.param.TestParametersFromXML" tests="1" failures="0" timestamp="30 Jul 2016 13:42:44 GMT" time="0.032" errors="0">
  <testcase name="createConnection" time="0.032" classname="unittesting.testng.param.TestParametersFromXML"/>
</testsuite> <!-- unittesting.testng.param.TestParametersFromXML -->
