<?xml version="1.0" encoding="UTF-8"?>
<!-- Generated by org.testng.reporters.JUnitReportReporter -->
<testsuite hostname="Minas-MacBook-Pro.local" name="unittesting.mock.LoginServiceTest" tests="1" failures="0" timestamp="3 Oct 2019 14:59:28 GMT" time="0.286" errors="0">
  <testcase name="loginBasic" time="0.286" classname="unittesting.mock.LoginServiceTest"/>
</testsuite> <!-- unittesting.mock.LoginServiceTest -->
