<?xml version="1.0" encoding="UTF-8"?>
<!-- Generated by org.testng.reporters.JUnitReportReporter -->
<testsuite hostname="novak-ThinkPad-T420" name="vezbe12.parameters.TestParametersFromXML" tests="1" failures="0" timestamp="25 May 2016 18:18:58 GMT" time="0.015" errors="0">
  <testcase name="createConnection" time="0.015" classname="vezbe12.parameters.TestParametersFromXML"/>
</testsuite> <!-- vezbe12.parameters.TestParametersFromXML -->
