<?xml version="1.0" encoding="UTF-8"?>
<!-- Generated by org.testng.reporters.JUnitReportReporter -->
<testsuite hostname="Minas-MacBook-Pro.local" name="unittesting.testng.groups.TestGroup" tests="2" failures="0" timestamp="17 Jan 2019 17:18:09 GMT" time="0.005" errors="0">
  <testcase name="testConnectOracle" time="0.001" classname="unittesting.testng.groups.TestGroup"/>
  <testcase name="testConnectMySQL" time="0.004" classname="unittesting.testng.groups.TestGroup"/>
</testsuite> <!-- unittesting.testng.groups.TestGroup -->
