<?xml version="1.0" encoding="UTF-8"?>
<!-- Generated by org.testng.reporters.JUnitReportReporter -->
<testsuite hostname="novak-ThinkPad-T420" name="vezbe12.annotations.TestDBConnection" tests="4" failures="0" timestamp="9 May 2016 13:51:28 GMT" time="0.017" errors="0">
  <testcase name="runOtherTest2" time="0.002" classname="vezbe12.annotations.TestDBConnection"/>
  <testcase name="runOtherTest2" time="0.010" classname="vezbe12.annotations.TestDBConnection"/>
  <testcase name="runOtherTest1" time="0.002" classname="vezbe12.annotations.TestDBConnection"/>
  <testcase name="runOtherTest1" time="0.003" classname="vezbe12.annotations.TestDBConnection"/>
</testsuite> <!-- vezbe12.annotations.TestDBConnection -->
