<?xml version="1.0" encoding="UTF-8"?>
<!-- Generated by org.testng.reporters.JUnitReportReporter -->
<testsuite hostname="novak-ThinkPad-T420" name="vezbe12.group.TestGroup" tests="2" failures="0" timestamp="25 May 2016 18:07:16 GMT" time="0.003" errors="0">
  <testcase name="runPostgres" time="0.002" classname="vezbe12.group.TestGroup"/>
  <testcase name="runPostgres1" time="0.001" classname="vezbe12.group.TestGroup"/>
</testsuite> <!-- vezbe12.group.TestGroup -->
