<?xml version="1.0" encoding="UTF-8"?>
<!-- Generated by org.testng.reporters.JUnitReportReporter -->
<testsuite hostname="DESKTOP-S5FPP8F" name="unittesting.mock.SpyTest" tests="1" failures="0" timestamp="15 May 2018 21:50:49 GMT" time="2.496" errors="0">
  <testcase name="SpyTest" time="2.496" classname="unittesting.mock.SpyTest"/>
</testsuite> <!-- unittesting.mock.SpyTest -->
