<?xml version="1.0" encoding="UTF-8"?>
<!-- Generated by org.testng.reporters.JUnitReportReporter -->
<testsuite hostname="tester-VirtualBox" name="unittesting.ssluzba.TestGradeMock" tests="5" failures="0" timestamp="19 Jan 2018 12:59:28 GMT" time="0.052" errors="0">
  <testcase name="testGradeMock" time="0.011" classname="unittesting.ssluzba.TestGradeMock"/>
  <testcase name="testGradeMock" time="0.021" classname="unittesting.ssluzba.TestGradeMock"/>
  <testcase name="testGradeMock" time="0.010" classname="unittesting.ssluzba.TestGradeMock"/>
  <testcase name="testGradeMock" time="0.003" classname="unittesting.ssluzba.TestGradeMock"/>
  <testcase name="testGradeMock" time="0.007" classname="unittesting.ssluzba.TestGradeMock"/>
</testsuite> <!-- unittesting.ssluzba.TestGradeMock -->
