<?xml version="1.0" encoding="UTF-8"?>
<!-- Generated by org.testng.reporters.JUnitReportReporter -->
<testsuite hostname="Goran-PC" name="unitesting.testng.TestPostgres" tests="2" failures="0" timestamp="30 Jul 2016 12:14:34 GMT" time="0.039" errors="0">
  <testcase name="runPSQL1" time="0.004" classname="unitesting.testng.TestPostgres"/>
  <testcase name="runPSQL" time="0.035" classname="unitesting.testng.TestPostgres"/>
</testsuite> <!-- unitesting.testng.TestPostgres -->
