<?xml version="1.0" encoding="UTF-8"?>
<!-- Generated by org.testng.reporters.JUnitReportReporter -->
<testsuite hostname="novak-ThinkPad-T420" name="vezbe12.parameters.TestParameterDataProviderMethod" tests="4" failures="0" timestamp="11 May 2016 10:44:06 GMT" time="0.026" errors="0">
  <testcase name="secondTest" time="0.002" classname="vezbe12.parameters.TestParameterDataProviderMethod"/>
  <testcase name="firstTest" time="0.002" classname="vezbe12.parameters.TestParameterDataProviderMethod"/>
  <testcase name="secondTest" time="0.002" classname="vezbe12.parameters.TestParameterDataProviderMethod"/>
  <testcase name="firstTest" time="0.020" classname="vezbe12.parameters.TestParameterDataProviderMethod"/>
</testsuite> <!-- vezbe12.parameters.TestParameterDataProviderMethod -->
