<?xml version="1.0" encoding="UTF-8"?>
<!-- Generated by org.testng.reporters.JUnitReportReporter -->
<testsuite hostname="Minas-MacBook-Pro.local" name="unittesting.customer.Zadatak1" tests="4" failures="0" timestamp="17 Jan 2019 17:10:45 GMT" time="0.011" errors="0">
  <testcase name="testCustomerCreditCardNumber" time="0.001" classname="unittesting.customer.Zadatak1"/>
  <testcase name="testCustomerCreditCardNumber" time="0.000" classname="unittesting.customer.Zadatak1"/>
  <testcase name="testCustomerCreditCardNumberWithException" time="0.002" classname="unittesting.customer.Zadatak1"/>
  <testcase name="testCustomerCreditCardNumber" time="0.008" classname="unittesting.customer.Zadatak1"/>
</testsuite> <!-- unittesting.customer.Zadatak1 -->
