<?xml version="1.0" encoding="UTF-8"?>
<!-- Generated by org.testng.reporters.JUnitReportReporter -->
<testsuite hostname="novak-ThinkPad-T420" name="vezbe12.db.TestDBConnection" tests="4" failures="0" timestamp="10 May 2016 13:45:43 GMT" time="0.010" errors="0">
  <testcase name="runOtherTest2" time="0.002" classname="vezbe12.db.TestDBConnection"/>
  <testcase name="runOtherTest2" time="0.002" classname="vezbe12.db.TestDBConnection"/>
  <testcase name="runOtherTest1" time="0.004" classname="vezbe12.db.TestDBConnection"/>
  <testcase name="runOtherTest1" time="0.002" classname="vezbe12.db.TestDBConnection"/>
</testsuite> <!-- vezbe12.db.TestDBConnection -->
