<?xml version="1.0" encoding="UTF-8"?>
<!-- Generated by org.testng.reporters.JUnitReportReporter -->
<testsuite hostname="Goran-PC" name="unittesting.testng.ignore.TestIgnore" tests="2" failures="0" timestamp="30 Jul 2016 13:23:58 GMT" time="0.047" errors="0">
  <testcase name="test2" time="0.000" classname="unittesting.testng.ignore.TestIgnore"/>
  <testcase name="test1" time="0.047" classname="unittesting.testng.ignore.TestIgnore"/>
</testsuite> <!-- unittesting.testng.ignore.TestIgnore -->
