<?xml version="1.0" encoding="UTF-8"?>
<!-- Generated by org.testng.reporters.JUnitReportReporter -->
<testsuite hostname="novak-ThinkPad-T420" name="resenja.TestNG1" tests="5" failures="0" timestamp="12 May 2016 19:09:22 GMT" time="0.021" errors="0">
  <testcase name="test1" time="0.002" classname="resenja.TestNG1"/>
  <testcase name="g1t" time="0.010" classname="resenja.TestNG1"/>
  <testcase name="g2t" time="0.002" classname="resenja.TestNG1"/>
  <testcase name="g3t" time="0.004" classname="resenja.TestNG1"/>
  <testcase name="test2" time="0.003" classname="resenja.TestNG1"/>
</testsuite> <!-- resenja.TestNG1 -->
