<?xml version="1.0" encoding="UTF-8"?>
<!-- Generated by org.testng.reporters.JUnitReportReporter -->
<testsuite hostname="DESKTOP-G33RIEV" name="unittesting.testng.param.TestParamDataProvider" tests="3" failures="0" timestamp="30 Sep 2016 03:49:43 GMT" time="0.013" errors="0">
  <testcase name="test" time="0.001" classname="unittesting.testng.param.TestParamDataProvider"/>
  <testcase name="test" time="0.001" classname="unittesting.testng.param.TestParamDataProvider"/>
  <testcase name="test" time="0.011" classname="unittesting.testng.param.TestParamDataProvider"/>
</testsuite> <!-- unittesting.testng.param.TestParamDataProvider -->
