<?xml version="1.0" encoding="UTF-8"?>
<!-- Generated by org.testng.reporters.JUnitReportReporter -->
<testsuite hostname="DESKTOP-S5FPP8F" name="unittesting.calculator.CalculatorTestMulDiv" tests="2" failures="0" timestamp="15 May 2018 21:11:51 GMT" time="0.012" errors="0">
  <testcase name="testDivByZero" time="0.008" classname="unittesting.calculator.CalculatorTestMulDiv"/>
  <testcase name="testDiv" time="0.004" classname="unittesting.calculator.CalculatorTestMulDiv"/>
</testsuite> <!-- unittesting.calculator.CalculatorTestMulDiv -->
