<?xml version="1.0" encoding="UTF-8"?>
<!-- Generated by org.testng.reporters.JUnitReportReporter -->
<testsuite hostname="novak-ThinkPad-T420" name="vezbe12.db.TestNGConfiguration" tests="2" failures="0" timestamp="11 May 2016 17:01:52 GMT" time="0.013" errors="0">
  <testcase name="runTest2" time="0.002" classname="vezbe12.db.TestNGConfiguration"/>
  <testcase name="runTest1" time="0.011" classname="vezbe12.db.TestNGConfiguration"/>
</testsuite> <!-- vezbe12.db.TestNGConfiguration -->
