<?xml version="1.0" encoding="UTF-8"?>
<!-- Generated by org.testng.reporters.JUnitReportReporter -->
<testsuite hostname="Minas-MacBook-Pro.local" name="unittesting.country.CountryServiceTest" tests="4" failures="0" timestamp="17 Jan 2019 17:02:38 GMT" time="0.288" errors="0">
  <testcase name="testClassifyCountry1" time="0.013" classname="unittesting.country.CountryServiceTest"/>
  <testcase name="testClassifyCountry2" time="0.000" classname="unittesting.country.CountryServiceTest"/>
  <testcase name="testClassifyCountry3" time="0.003" classname="unittesting.country.CountryServiceTest"/>
  <testcase name="testClassifyCountryNoResult" time="0.272" classname="unittesting.country.CountryServiceTest"/>
</testsuite> <!-- unittesting.country.CountryServiceTest -->
