<?xml version="1.0" encoding="UTF-8"?>
<!-- Generated by org.testng.reporters.JUnitReportReporter -->
<testsuite hostname="novak-ThinkPad-T420" name="vezbe12.exceptionsNG.TestCheckException" tests="2" failures="0" timestamp="12 May 2016 17:24:19 GMT" time="0.008" errors="0">
  <testcase name="throwIfAccountIsNull" time="0.002" classname="vezbe12.exceptionsNG.TestCheckException"/>
  <testcase name="throwIfAccountIsNotExists" time="0.006" classname="vezbe12.exceptionsNG.TestCheckException"/>
</testsuite> <!-- vezbe12.exceptionsNG.TestCheckException -->
