<?xml version="1.0" encoding="UTF-8"?>
<!-- Generated by org.testng.reporters.JUnitReportReporter -->
<testsuite hostname="Goran-PC" name="unittesting.testng.exceptions.TestException" tests="1" failures="0" timestamp="30 Jul 2016 13:15:16 GMT" time="0.030" errors="0">
  <testcase name="arrayListAccessWithException" time="0.030" classname="unittesting.testng.exceptions.TestException"/>
</testsuite> <!-- unittesting.testng.exceptions.TestException -->
