<?xml version="1.0" encoding="UTF-8"?>
<!-- Generated by org.testng.reporters.JUnitReportReporter -->
<testsuite hostname="tester-VirtualBox" name="unittesting.ssluzba.TestGradeWithoutMock" tests="5" failures="0" timestamp="19 Jan 2018 12:59:28 GMT" time="0.034" errors="0">
  <testcase name="testGradeWithoutMock" time="0.001" classname="unittesting.ssluzba.TestGradeWithoutMock"/>
  <testcase name="testGradeWithoutMock" time="0.009" classname="unittesting.ssluzba.TestGradeWithoutMock"/>
  <testcase name="testGradeWithoutMock" time="0.005" classname="unittesting.ssluzba.TestGradeWithoutMock"/>
  <testcase name="testGradeWithoutMock" time="0.001" classname="unittesting.ssluzba.TestGradeWithoutMock"/>
  <testcase name="testGradeWithoutMock" time="0.018" classname="unittesting.ssluzba.TestGradeWithoutMock"/>
</testsuite> <!-- unittesting.ssluzba.TestGradeWithoutMock -->
