<?xml version="1.0" encoding="UTF-8"?>
<!-- Generated by org.testng.reporters.JUnitReportReporter -->
<testsuite hostname="novak-ThinkPad-T420" name="vezbe12.annotations.TestNGConfiguration" tests="2" failures="0" timestamp="9 May 2016 13:51:28 GMT" time="0.018" errors="0">
  <testcase name="runTest2" time="0.007" classname="vezbe12.annotations.TestNGConfiguration"/>
  <testcase name="runTest1" time="0.011" classname="vezbe12.annotations.TestNGConfiguration"/>
</testsuite> <!-- vezbe12.annotations.TestNGConfiguration -->
