<?xml version="1.0" encoding="UTF-8"?>
<!-- Generated by org.testng.reporters.JUnitReportReporter -->
<testsuite hostname="novak-ThinkPad-T420" name="vezbe12.parameters.TestParameterDataProvider" tests="3" failures="0" timestamp="11 May 2016 09:59:29 GMT" time="0.022" errors="0">
  <testcase name="test" time="0.002" classname="vezbe12.parameters.TestParameterDataProvider"/>
  <testcase name="test" time="0.002" classname="vezbe12.parameters.TestParameterDataProvider"/>
  <testcase name="test" time="0.018" classname="vezbe12.parameters.TestParameterDataProvider"/>
</testsuite> <!-- vezbe12.parameters.TestParameterDataProvider -->
