<?xml version="1.0" encoding="UTF-8"?>
<!-- Generated by org.testng.reporters.JUnitReportReporter -->
<testsuite hostname="novak-ThinkPad-T420" name="vezbe12.exceptionsNG.TestException" tests="1" failures="0" timestamp="12 May 2016 17:22:18 GMT" time="0.014" errors="0">
  <testcase name="arrayListAccessWithException" time="0.014" classname="vezbe12.exceptionsNG.TestException"/>
</testsuite> <!-- vezbe12.exceptionsNG.TestException -->
