<?xml version="1.0" encoding="UTF-8"?>
<!-- Generated by org.testng.reporters.JUnitReportReporter -->
<testsuite hostname="Goran-PC" name="unittesting.testng.TestGroup" tests="2" failures="0" timestamp="30 Jul 2016 12:42:54 GMT" time="0.015" errors="0">
  <testcase name="testConnectMySQL" time="0.012" classname="unittesting.testng.TestGroup"/>
  <testcase name="testConnectOracle" time="0.003" classname="unittesting.testng.TestGroup"/>
</testsuite> <!-- unittesting.testng.TestGroup -->
