<?xml version="1.0" encoding="UTF-8"?>
<!-- Generated by org.testng.reporters.JUnitReportReporter -->
<testsuite hostname="Minas-MacBook-Pro.local" name="unittesting.testng.beforeafter.TestDBConnection" tests="4" failures="0" timestamp="17 Jan 2019 17:18:03 GMT" time="0.004" errors="0">
  <testcase name="runOtherTest1" time="0.001" classname="unittesting.testng.beforeafter.TestDBConnection"/>
  <testcase name="runOtherTest1" time="0.001" classname="unittesting.testng.beforeafter.TestDBConnection"/>
  <testcase name="runOtherTest2" time="0.001" classname="unittesting.testng.beforeafter.TestDBConnection"/>
  <testcase name="runOtherTest2" time="0.001" classname="unittesting.testng.beforeafter.TestDBConnection"/>
</testsuite> <!-- unittesting.testng.beforeafter.TestDBConnection -->
