<?xml version="1.0" encoding="UTF-8"?>
<!-- Generated by org.testng.reporters.JUnitReportReporter -->
<testsuite hostname="novak-ThinkPad-T420" name="vezbe12.ignore.TestIgnore" tests="2" failures="0" timestamp="25 May 2016 18:08:13 GMT" time="0.020" errors="0">
  <testcase name="test1" time="0.019" classname="vezbe12.ignore.TestIgnore"/>
  <testcase name="test2" time="0.001" classname="vezbe12.ignore.TestIgnore"/>
</testsuite> <!-- vezbe12.ignore.TestIgnore -->
