<?xml version="1.0" encoding="UTF-8"?>
<!-- Generated by org.testng.reporters.JUnitReportReporter -->
<testsuite hostname="Minas-MacBook-Pro.local" name="unittesting.mock.MockitoVerify" tests="1" failures="0" timestamp="27 Sep 2018 17:08:18 GMT" time="0.263" errors="0">
  <testcase name="testVerify" time="0.263" classname="unittesting.mock.MockitoVerify"/>
</testsuite> <!-- unittesting.mock.MockitoVerify -->
