<?xml version="1.0" encoding="UTF-8"?>
<!-- Generated by org.testng.reporters.JUnitReportReporter -->
<testsuite hostname="Minas-MacBook-Pro.local" name="unittesting.testng.param.TestParamXML" tests="1" failures="0" timestamp="17 Jan 2019 17:18:22 GMT" time="0.007" errors="0">
  <testcase name="createConnection" time="0.007" classname="unittesting.testng.param.TestParamXML"/>
</testsuite> <!-- unittesting.testng.param.TestParamXML -->
