<?xml version="1.0" encoding="UTF-8"?>
<!-- Generated by org.testng.reporters.JUnitReportReporter -->
<testsuite hostname="Minas-MacBook-Pro.local" name="tests.FirstTest" tests="2" failures="0" timestamp="19 Oct 2021 08:59:44 GMT" time="3.794" errors="0">
  <testcase name="search" time="1.980" classname="tests.FirstTest"/>
  <testcase name="clickFirstYoutube" time="1.814" classname="tests.FirstTest"/>
</testsuite> <!-- tests.FirstTest -->
